{"level":"info","message":"undefined - API Server Start At Port 3001","timestamp":"2022-01-23 00:42:34"}
{"level":"info","message":"undefined - API Server Start At Port 3001","timestamp":"2022-01-23 00:49:52"}
{"level":"info","message":"undefined - API Server Start At Port 3001","timestamp":"2022-01-23 01:23:25"}
{"level":"info","message":"undefined - API Server Start At Port 3001","timestamp":"2022-01-23 01:55:32"}
{"level":"info","message":"undefined - API Server Start At Port 3001","timestamp":"2022-01-23 01:59:20"}
{"level":"info","message":"undefined - API Server Start At Port 3001","timestamp":"2022-01-23 02:08:35"}
{"level":"info","message":"undefined - API Server Start At Port 3001","timestamp":"2022-01-23 02:17:18"}
{"level":"error","message":"userIdCheck Provider error\n: Unknown database 'madmaxdb'","timestamp":"2022-01-23 02:36:37"}
{"level":"error","message":"App - createUsers Service error\n: baseResponse is not defined","timestamp":"2022-01-23 02:36:37"}
{"level":"info","message":"undefined - API Server Start At Port 3001","timestamp":"2022-01-23 03:00:41"}
{"level":"error","message":"userIdCheck Provider error\n: Unknown database 'MaxMad'","timestamp":"2022-01-23 03:00:46"}
{"level":"error","message":"App - createUsers Service error\n: baseResponse is not defined","timestamp":"2022-01-23 03:00:46"}
{"level":"error","message":"userIdCheck Provider error\n: Unknown database 'MaxMad'","timestamp":"2022-01-23 03:00:49"}
{"level":"error","message":"App - createUsers Service error\n: baseResponse is not defined","timestamp":"2022-01-23 03:00:49"}
{"level":"info","message":"undefined - API Server Start At Port 3001","timestamp":"2022-01-23 03:01:06"}
{"level":"error","message":"userIdCheck Provider error\n: Unknown database 'maxmad'","timestamp":"2022-01-23 03:01:11"}
{"level":"error","message":"App - createUsers Service error\n: baseResponse is not defined","timestamp":"2022-01-23 03:01:11"}
{"level":"info","message":"undefined - API Server Start At Port 3001","timestamp":"2022-01-23 03:33:13"}
{"level":"error","message":"userIdCheck Provider error\n: Unknown database 'MaxMad'","timestamp":"2022-01-23 03:33:16"}
{"level":"error","message":"App - createUsers Service error\n: baseResponse is not defined","timestamp":"2022-01-23 03:33:16"}
{"level":"info","message":"undefined - API Server Start At Port 3001","timestamp":"2022-01-23 03:34:09"}
{"level":"info","message":"undefined - API Server Start At Port 3001","timestamp":"2022-01-23 03:45:07"}
{"level":"info","message":"undefined - API Server Start At Port 3001","timestamp":"2022-01-23 03:49:03"}
{"level":"info","message":"undefined - API Server Start At Port 3001","timestamp":"2022-01-23 03:49:19"}
{"level":"info","message":"undefined - API Server Start At Port 3001","timestamp":"2022-01-23 03:55:19"}
{"level":"error","message":"nicknameCheck Provider error\n: userDao.selectUserNickname is not a function","timestamp":"2022-01-23 03:55:23"}
{"level":"error","message":"App - createUsers Service error\n: baseResponse is not defined","timestamp":"2022-01-23 03:55:23"}
{"level":"info","message":"undefined - API Server Start At Port 3001","timestamp":"2022-01-23 03:56:38"}
{"level":"error","message":"userIdCheck Provider error\n: length is not defined","timestamp":"2022-01-23 03:56:41"}
{"level":"error","message":"App - createUsers Service error\n: baseResponse is not defined","timestamp":"2022-01-23 03:56:41"}
{"level":"error","message":"userIdCheck Provider error\n: length is not defined","timestamp":"2022-01-23 03:56:44"}
{"level":"error","message":"App - createUsers Service error\n: baseResponse is not defined","timestamp":"2022-01-23 03:56:44"}
{"level":"error","message":"userIdCheck Provider error\n: length is not defined","timestamp":"2022-01-23 03:57:26"}
{"level":"error","message":"App - createUsers Service error\n: baseResponse is not defined","timestamp":"2022-01-23 03:57:26"}
{"level":"info","message":"undefined - API Server Start At Port 3001","timestamp":"2022-01-23 03:58:28"}
{"level":"info","message":"undefined - API Server Start At Port 3001","timestamp":"2022-01-23 03:58:53"}
{"level":"info","message":"undefined - API Server Start At Port 3001","timestamp":"2022-01-23 03:59:10"}
{"level":"error","message":"userIdCheck Provider error\n: length is not defined","timestamp":"2022-01-23 03:59:15"}
{"level":"error","message":"App - createUsers Service error\n: baseResponse is not defined","timestamp":"2022-01-23 03:59:15"}
{"level":"info","message":"undefined - API Server Start At Port 3001","timestamp":"2022-01-23 04:00:19"}
{"level":"info","message":"undefined - API Server Start At Port 3001","timestamp":"2022-01-23 04:01:49"}
{"level":"info","message":"undefined - API Server Start At Port 3001","timestamp":"2022-01-23 04:02:24"}
