{"level":"info","message":"undefined - API Server Start At Port 3001","timestamp":"2022-02-07 01:08:16"}
{"level":"info","message":"undefined - API Server Start At Port 3001","timestamp":"2022-02-07 01:25:18"}
{"level":"info","message":"undefined - API Server Start At Port 3001","timestamp":"2022-02-07 01:34:58"}
{"level":"info","message":"undefined - API Server Start At Port 3001","timestamp":"2022-02-07 01:36:22"}
{"level":"info","message":"undefined - API Server Start At Port 3001","timestamp":"2022-02-07 01:40:17"}
{"level":"info","message":"undefined - API Server Start At Port 3001","timestamp":"2022-02-07 01:42:45"}
{"level":"info","message":"undefined - API Server Start At Port 3001","timestamp":"2022-02-07 01:53:39"}
{"level":"error","message":"App - updateLocation Service error\n: You have an error in your SQL syntax; check the manual that corresponds to your MySQL server version for the right syntax to use near '?\n                  WHERE userIdx = ?' at line 2","timestamp":"2022-02-07 01:54:44"}
{"level":"info","message":"undefined - API Server Start At Port 3001","timestamp":"2022-02-07 01:58:51"}
{"level":"error","message":"App - updateLocation Service error\n: You have an error in your SQL syntax; check the manual that corresponds to your MySQL server version for the right syntax to use near 'longitude = 122.3\n                  WHERE userIdx = '3'' at line 2","timestamp":"2022-02-07 01:58:54"}
{"level":"info","message":"undefined - API Server Start At Port 3001","timestamp":"2022-02-07 02:00:05"}
{"level":"error","message":"App - updateLocation Service error\n: You have an error in your SQL syntax; check the manual that corresponds to your MySQL server version for the right syntax to use near '(latitude = 35.22 longitude = 122.3)\n                  WHERE userIdx = '3'' at line 2","timestamp":"2022-02-07 02:00:07"}
{"level":"info","message":"undefined - API Server Start At Port 3001","timestamp":"2022-02-07 02:03:08"}
{"level":"info","message":"undefined - API Server Start At Port 3001","timestamp":"2022-02-07 02:08:15"}
{"level":"error","message":"getSignalList Provider error\n: signalStatus is not defined","timestamp":"2022-02-07 02:08:27"}
{"level":"error","message":"getSignalList Provider error\n: signalStatus is not defined","timestamp":"2022-02-07 02:09:07"}
{"level":"info","message":"undefined - API Server Start At Port 3001","timestamp":"2022-02-07 02:11:19"}
{"level":"error","message":"getSignalList Provider error\n: Unknown column 'signalPromiseArea' in 'where clause'","timestamp":"2022-02-07 02:11:23"}
{"level":"info","message":"undefined - API Server Start At Port 3001","timestamp":"2022-02-07 02:18:19"}
{"level":"error","message":"getSignalList Provider error\n: Unknown column 'signalPromiseArea' in 'where clause'","timestamp":"2022-02-07 02:18:22"}
{"level":"info","message":"undefined - API Server Start At Port 3001","timestamp":"2022-02-07 02:21:05"}
{"level":"error","message":"getSignalList Provider error\n: You have an error in your SQL syntax; check the manual that corresponds to your MySQL server version for the right syntax to use near 'FROM Signaling \n                    WHERE sigStatus = '1'' at line 2","timestamp":"2022-02-07 02:21:08"}
{"level":"info","message":"undefined - API Server Start At Port 3001","timestamp":"2022-02-07 02:21:44"}
{"level":"error","message":"getSignalList Provider error\n: Unknown column 'signalPromiseArea' in 'where clause'","timestamp":"2022-02-07 02:21:47"}
{"level":"info","message":"undefined - API Server Start At Port 3001","timestamp":"2022-02-07 02:22:09"}
{"level":"error","message":"getSignalList Provider error\n: Unknown column 'signalPromiseArea' in 'where clause'","timestamp":"2022-02-07 02:22:12"}
{"level":"info","message":"undefined - API Server Start At Port 3001","timestamp":"2022-02-07 02:24:38"}
{"level":"error","message":"getSignalList Provider error\n: Unknown column 'sigPromiseArea' in 'where clause'","timestamp":"2022-02-07 02:24:39"}
{"level":"info","message":"undefined - API Server Start At Port 3001","timestamp":"2022-02-07 02:27:33"}
{"level":"error","message":"getSignalList Provider error\n: Unknown column 'sigPromiseArea' in 'where clause'","timestamp":"2022-02-07 02:27:37"}
{"level":"info","message":"undefined - API Server Start At Port 3001","timestamp":"2022-02-07 02:30:40"}
{"level":"error","message":"getSignalList Provider error\n: Unknown column 'sigPromiseArea' in 'where clause'","timestamp":"2022-02-07 02:30:43"}
{"level":"info","message":"undefined - API Server Start At Port 3001","timestamp":"2022-02-07 02:31:27"}
{"level":"error","message":"getSignalList Provider error\n: Unknown column 'sigPromiseArea' in 'where clause'","timestamp":"2022-02-07 02:31:29"}
{"level":"info","message":"undefined - API Server Start At Port 3001","timestamp":"2022-02-07 02:32:27"}
{"level":"error","message":"getSignalList Provider error\n: You have an error in your SQL syntax; check the manual that corresponds to your MySQL server version for the right syntax to use near '성수역''' at line 3","timestamp":"2022-02-07 02:32:30"}
{"level":"info","message":"undefined - API Server Start At Port 3001","timestamp":"2022-02-07 21:23:13"}
{"level":"error","message":"getSignalList Provider error\n: You have an error in your SQL syntax; check the manual that corresponds to your MySQL server version for the right syntax to use near '성수역''' at line 3","timestamp":"2022-02-07 21:23:18"}
{"level":"info","message":"undefined - API Server Start At Port 3001","timestamp":"2022-02-07 21:24:43"}
{"level":"error","message":"getSignalList Provider error\n: Unknown column 'sigPromiseArea' in 'where clause'","timestamp":"2022-02-07 21:24:47"}
{"level":"info","message":"undefined - API Server Start At Port 3001","timestamp":"2022-02-07 21:27:37"}
{"level":"error","message":"getSignalList Provider error\n: Unknown column 'sigPromiseArea' in 'where clause'","timestamp":"2022-02-07 21:27:41"}
{"level":"info","message":"undefined - API Server Start At Port 3001","timestamp":"2022-02-07 21:30:12"}
{"level":"error","message":"getSignalList Provider error\n: Unknown column 'sigPromiseArea' in 'where clause'","timestamp":"2022-02-07 21:30:14"}
{"level":"info","message":"undefined - API Server Start At Port 3001","timestamp":"2022-02-07 21:32:31"}
{"level":"error","message":"getSignalList Provider error\n: Unknown column 'sigPromiseArea' in 'where clause'","timestamp":"2022-02-07 21:32:33"}
{"level":"info","message":"undefined - API Server Start At Port 3001","timestamp":"2022-02-07 21:42:37"}
{"level":"error","message":"getSignalList Provider error\n: Unknown column 'sigPromiseArea' in 'where clause'","timestamp":"2022-02-07 21:42:39"}
{"level":"info","message":"undefined - API Server Start At Port 3001","timestamp":"2022-02-07 21:42:57"}
{"level":"error","message":"getSignalList Provider error\n: Unknown column 'sigPromiseArea = \" \"' in 'where clause'","timestamp":"2022-02-07 21:42:59"}
{"level":"info","message":"undefined - API Server Start At Port 3001","timestamp":"2022-02-07 21:45:13"}
{"level":"error","message":"getSignalList Provider error\n: You have an error in your SQL syntax; check the manual that corresponds to your MySQL server version for the right syntax to use near 'FROM Signaling \n                    WHERE sigStatus = \"1\"' at line 2","timestamp":"2022-02-07 21:45:16"}
{"level":"info","message":"undefined - API Server Start At Port 3001","timestamp":"2022-02-07 21:54:59"}
{"level":"error","message":"getSignalList Provider error\n: Unknown column 'sigPromiseArea' in 'where clause'","timestamp":"2022-02-07 21:55:02"}
{"level":"info","message":"undefined - API Server Start At Port 3001","timestamp":"2022-02-07 21:57:52"}
{"level":"error","message":"getSignalList Provider error\n: Unknown column 'sigStatus' in 'having clause'","timestamp":"2022-02-07 21:57:55"}
{"level":"info","message":"undefined - API Server Start At Port 3001","timestamp":"2022-02-07 22:03:16"}
{"level":"error","message":"getSignalList Provider error\n: Unknown column 'sigStatus' in 'having clause'","timestamp":"2022-02-07 22:03:18"}
{"level":"info","message":"undefined - API Server Start At Port 3001","timestamp":"2022-02-07 22:03:47"}
{"level":"error","message":"getSignalList Provider error\n: Unknown column 'sigPromiseArea' in 'where clause'","timestamp":"2022-02-07 22:03:51"}
{"level":"info","message":"undefined - API Server Start At Port 3001","timestamp":"2022-02-07 22:06:52"}
{"level":"error","message":"getSignalList Provider error\n: Unknown column 'sigPromiseArea' in 'where clause'","timestamp":"2022-02-07 22:06:54"}
{"level":"info","message":"undefined - API Server Start At Port 3001","timestamp":"2022-02-07 22:07:27"}
{"level":"error","message":"getSignalList Provider error\n: Unknown column 'sigPromiseArea' in 'where clause'","timestamp":"2022-02-07 22:07:30"}
{"level":"info","message":"undefined - API Server Start At Port 3001","timestamp":"2022-02-07 23:44:11"}
{"level":"error","message":"getSignalList Provider error\n: Unknown column 'sigPromiseArea' in 'where clause'","timestamp":"2022-02-07 23:44:14"}
{"level":"info","message":"undefined - API Server Start At Port 3001","timestamp":"2022-02-07 23:49:27"}
{"level":"error","message":"getSignalList Provider error\n: promiseAreaList.append is not a function","timestamp":"2022-02-07 23:49:31"}
{"level":"info","message":"undefined - API Server Start At Port 3001","timestamp":"2022-02-07 23:51:07"}
{"level":"error","message":"getSignalList Provider error\n: signalLocaitonResult is not defined","timestamp":"2022-02-07 23:51:09"}
{"level":"info","message":"undefined - API Server Start At Port 3001","timestamp":"2022-02-07 23:51:58"}
{"level":"error","message":"getSignalList Provider error\n: signalLocaitonResult is not defined","timestamp":"2022-02-07 23:52:00"}
{"level":"info","message":"undefined - API Server Start At Port 3001","timestamp":"2022-02-07 23:52:46"}
{"level":"error","message":"getSignalList Provider error\n: signalLocaitonResult is not defined","timestamp":"2022-02-07 23:52:48"}
{"level":"info","message":"undefined - API Server Start At Port 3001","timestamp":"2022-02-07 23:55:16"}
{"level":"error","message":"getSignalList Provider error\n: signalLocaitonResult is not defined","timestamp":"2022-02-07 23:55:18"}
{"level":"info","message":"undefined - API Server Start At Port 3001","timestamp":"2022-02-07 23:56:27"}
{"level":"error","message":"getSignalList Provider error\n: Cannot read properties of undefined (reading 'latitude')","timestamp":"2022-02-07 23:56:30"}
{"level":"info","message":"undefined - API Server Start At Port 3001","timestamp":"2022-02-07 23:57:32"}
{"level":"error","message":"getSignalList Provider error\n: Cannot read properties of undefined (reading 'latitude')","timestamp":"2022-02-07 23:57:34"}
{"level":"info","message":"undefined - API Server Start At Port 3001","timestamp":"2022-02-07 23:59:13"}
{"level":"error","message":"getSignalList Provider error\n: Cannot read properties of undefined (reading 'latitude')","timestamp":"2022-02-07 23:59:16"}
