{"level":"info","message":"undefined - API Server Start At Port 3001","timestamp":"2022-02-08 00:00:33"}
{"level":"error","message":"getSignalList Provider error\n: myLocationResul is not defined","timestamp":"2022-02-08 00:00:36"}
{"level":"info","message":"undefined - API Server Start At Port 3001","timestamp":"2022-02-08 00:00:59"}
{"level":"error","message":"getSignalList Provider error\n: Cannot read properties of undefined (reading 'latitude')","timestamp":"2022-02-08 00:01:01"}
{"level":"info","message":"undefined - API Server Start At Port 3001","timestamp":"2022-02-08 00:03:24"}
{"level":"error","message":"getSignalList Provider error\n: Cannot read properties of undefined (reading 'latitude')","timestamp":"2022-02-08 00:03:26"}
{"level":"info","message":"undefined - API Server Start At Port 3001","timestamp":"2022-02-08 00:06:05"}
{"level":"error","message":"getSignalList Provider error\n: Cannot read properties of undefined (reading 'latitude')","timestamp":"2022-02-08 00:06:07"}
{"level":"info","message":"undefined - API Server Start At Port 3001","timestamp":"2022-02-08 00:07:38"}
{"level":"error","message":"getSignalList Provider error\n: Cannot read properties of undefined (reading 'latitude')","timestamp":"2022-02-08 00:07:40"}
{"level":"info","message":"undefined - API Server Start At Port 3001","timestamp":"2022-02-08 00:08:33"}
{"level":"error","message":"getSignalList Provider error\n: Cannot read properties of undefined (reading 'latitude')","timestamp":"2022-02-08 00:08:34"}
{"level":"info","message":"undefined - API Server Start At Port 3001","timestamp":"2022-02-08 00:10:19"}
{"level":"info","message":"undefined - API Server Start At Port 3001","timestamp":"2022-02-08 01:06:30"}
{"level":"error","message":"findProvider error\n: Cannot read properties of undefined (reading 'latitude')","timestamp":"2022-02-08 01:06:34"}
{"level":"info","message":"undefined - API Server Start At Port 3001","timestamp":"2022-02-08 01:08:11"}
{"level":"error","message":"findProvider error\n: Cannot read properties of undefined (reading 'latitude')","timestamp":"2022-02-08 01:08:14"}
{"level":"info","message":"undefined - API Server Start At Port 3001","timestamp":"2022-02-08 01:15:57"}
{"level":"error","message":"findProvider error\n: Cannot read properties of undefined (reading 'latitude')","timestamp":"2022-02-08 01:15:59"}
{"level":"info","message":"undefined - API Server Start At Port 3001","timestamp":"2022-02-08 01:17:38"}
{"level":"info","message":"undefined - API Server Start At Port 3001","timestamp":"2022-02-08 01:18:35"}
{"level":"error","message":"findProvider error\n: Cannot read properties of undefined (reading 'latitude')","timestamp":"2022-02-08 01:18:36"}
{"level":"info","message":"undefined - API Server Start At Port 3001","timestamp":"2022-02-08 01:20:13"}
{"level":"error","message":"findProvider error\n: Cannot read properties of undefined (reading 'latitude')","timestamp":"2022-02-08 01:20:15"}
{"level":"info","message":"undefined - API Server Start At Port 3001","timestamp":"2022-02-08 01:24:57"}
{"level":"error","message":"findProvider error\n: promiseAreaList is not defined","timestamp":"2022-02-08 01:24:59"}
{"level":"info","message":"undefined - API Server Start At Port 3001","timestamp":"2022-02-08 01:25:42"}
{"level":"error","message":"findProvider error\n: promiseAreaList is not defined","timestamp":"2022-02-08 01:25:44"}
{"level":"info","message":"undefined - API Server Start At Port 3001","timestamp":"2022-02-08 01:26:25"}
{"level":"error","message":"findProvider error\n: promiseAreaList is not defined","timestamp":"2022-02-08 01:26:28"}
{"level":"info","message":"undefined - API Server Start At Port 3001","timestamp":"2022-02-08 01:27:33"}
{"level":"info","message":"undefined - API Server Start At Port 3001","timestamp":"2022-02-08 01:30:59"}
{"level":"info","message":"undefined - API Server Start At Port 3001","timestamp":"2022-02-08 01:32:45"}
{"level":"info","message":"undefined - API Server Start At Port 3001","timestamp":"2022-02-08 01:34:03"}
{"level":"info","message":"undefined - API Server Start At Port 3001","timestamp":"2022-02-08 01:35:38"}
{"level":"info","message":"undefined - API Server Start At Port 3001","timestamp":"2022-02-08 01:39:08"}
{"level":"error","message":"findProvider error\n: getAddressByLocation is not defined","timestamp":"2022-02-08 01:39:11"}
{"level":"info","message":"undefined - API Server Start At Port 3001","timestamp":"2022-02-08 01:40:24"}
{"level":"info","message":"undefined - API Server Start At Port 3001","timestamp":"2022-02-08 01:45:03"}
{"level":"info","message":"undefined - API Server Start At Port 3001","timestamp":"2022-02-08 01:45:53"}
{"level":"info","message":"undefined - API Server Start At Port 3001","timestamp":"2022-02-08 01:46:50"}
{"level":"error","message":"findProvider error\n: Cannot read properties of undefined (reading 'signalIdx')","timestamp":"2022-02-08 01:46:53"}
{"level":"info","message":"undefined - API Server Start At Port 3001","timestamp":"2022-02-08 01:47:42"}
{"level":"info","message":"undefined - API Server Start At Port 3001","timestamp":"2022-02-08 01:49:50"}
{"level":"error","message":"findProvider error\n: Cannot read properties of undefined (reading 'signalIdx')","timestamp":"2022-02-08 01:49:53"}
{"level":"info","message":"undefined - API Server Start At Port 3001","timestamp":"2022-02-08 01:51:55"}
{"level":"error","message":"findProvider error\n: Cannot read properties of undefined (reading 'signalIdx')","timestamp":"2022-02-08 01:51:58"}
{"level":"error","message":"findProvider error\n: Cannot read properties of undefined (reading 'signalIdx')","timestamp":"2022-02-08 01:51:59"}
{"level":"info","message":"undefined - API Server Start At Port 3001","timestamp":"2022-02-08 01:52:45"}
{"level":"info","message":"undefined - API Server Start At Port 3001","timestamp":"2022-02-08 01:56:57"}
{"level":"info","message":"undefined - API Server Start At Port 3001","timestamp":"2022-02-08 01:58:59"}
{"level":"error","message":"findProvider error\n: Cannot read properties of undefined (reading 'signalIdx')","timestamp":"2022-02-08 01:59:01"}
{"level":"info","message":"undefined - API Server Start At Port 3001","timestamp":"2022-02-08 02:00:04"}
{"level":"error","message":"findProvider error\n: Cannot read properties of undefined (reading 'signalIdx')","timestamp":"2022-02-08 02:00:07"}
{"level":"info","message":"undefined - API Server Start At Port 3001","timestamp":"2022-02-08 02:00:39"}
{"level":"error","message":"findProvider error\n: Cannot read properties of undefined (reading 'signalIdx')","timestamp":"2022-02-08 02:00:41"}
{"level":"info","message":"undefined - API Server Start At Port 3001","timestamp":"2022-02-08 02:01:24"}
{"level":"error","message":"findProvider error\n: Cannot read properties of undefined (reading 'signalIdx')","timestamp":"2022-02-08 02:01:26"}
{"level":"info","message":"undefined - API Server Start At Port 3001","timestamp":"2022-02-08 02:02:18"}
{"level":"error","message":"findProvider error\n: Cannot read properties of undefined (reading 'signalIdx')","timestamp":"2022-02-08 02:02:21"}
{"level":"info","message":"undefined - API Server Start At Port 3001","timestamp":"2022-02-08 02:02:31"}
{"level":"error","message":"findProvider error\n: Cannot read properties of undefined (reading 'signalIdx')","timestamp":"2022-02-08 02:02:33"}
{"level":"info","message":"undefined - API Server Start At Port 3001","timestamp":"2022-02-08 02:02:53"}
{"level":"error","message":"findProvider error\n: Cannot read properties of undefined (reading 'signalIdx')","timestamp":"2022-02-08 02:02:55"}
{"level":"info","message":"undefined - API Server Start At Port 3001","timestamp":"2022-02-08 02:03:45"}
{"level":"error","message":"findProvider error\n: Cannot read properties of undefined (reading 'signalIdx')","timestamp":"2022-02-08 02:03:47"}
{"level":"info","message":"undefined - API Server Start At Port 3001","timestamp":"2022-02-08 02:04:39"}
{"level":"error","message":"findProvider error\n: Cannot read properties of undefined (reading 'signalIdx')","timestamp":"2022-02-08 02:04:42"}
{"level":"info","message":"undefined - API Server Start At Port 3001","timestamp":"2022-02-08 02:05:20"}
{"level":"error","message":"findProvider error\n: Cannot read properties of undefined (reading 'signalIdx')","timestamp":"2022-02-08 02:05:22"}
{"level":"info","message":"undefined - API Server Start At Port 3001","timestamp":"2022-02-08 02:08:56"}
{"level":"error","message":"findProvider error\n: Cannot read properties of undefined (reading 'signalIdx')","timestamp":"2022-02-08 02:09:00"}
{"level":"info","message":"undefined - API Server Start At Port 3001","timestamp":"2022-02-08 02:10:48"}
{"level":"error","message":"findProvider error\n: Cannot read properties of undefined (reading '0')","timestamp":"2022-02-08 02:10:50"}
{"level":"info","message":"undefined - API Server Start At Port 3001","timestamp":"2022-02-08 02:11:36"}
{"level":"error","message":"findProvider error\n: Cannot read properties of undefined (reading 'signalIdx')","timestamp":"2022-02-08 02:11:40"}
{"level":"info","message":"undefined - API Server Start At Port 3001","timestamp":"2022-02-08 02:14:20"}
{"level":"error","message":"findProvider error\n: Cannot read properties of undefined (reading 'signalIdx')","timestamp":"2022-02-08 02:14:23"}
{"level":"info","message":"undefined - API Server Start At Port 3001","timestamp":"2022-02-08 02:24:43"}
{"level":"error","message":"findProvider error\n: Cannot read properties of undefined (reading 'signalIdx')","timestamp":"2022-02-08 02:24:45"}
{"level":"info","message":"undefined - API Server Start At Port 3001","timestamp":"2022-02-08 02:25:48"}
{"level":"info","message":"undefined - API Server Start At Port 3001","timestamp":"2022-02-08 02:30:12"}
{"level":"info","message":"undefined - API Server Start At Port 3001","timestamp":"2022-02-08 02:37:55"}
{"level":"info","message":"undefined - API Server Start At Port 3001","timestamp":"2022-02-08 02:38:34"}
{"level":"info","message":"undefined - API Server Start At Port 3001","timestamp":"2022-02-08 02:41:43"}
{"level":"info","message":"undefined - API Server Start At Port 3001","timestamp":"2022-02-08 02:41:56"}
{"level":"info","message":"undefined - API Server Start At Port 3001","timestamp":"2022-02-08 02:48:02"}
{"level":"info","message":"undefined - API Server Start At Port 3001","timestamp":"2022-02-08 02:48:50"}
{"level":"info","message":"undefined - API Server Start At Port 3001","timestamp":"2022-02-08 02:49:58"}
{"level":"info","message":"undefined - API Server Start At Port 3001","timestamp":"2022-02-08 02:50:10"}
{"level":"info","message":"undefined - API Server Start At Port 3001","timestamp":"2022-02-08 02:54:02"}
{"level":"info","message":"undefined - API Server Start At Port 3001","timestamp":"2022-02-08 02:58:57"}
{"level":"info","message":"undefined - API Server Start At Port 3001","timestamp":"2022-02-08 03:00:26"}
{"level":"info","message":"undefined - API Server Start At Port 3001","timestamp":"2022-02-08 03:08:58"}
{"level":"info","message":"undefined - API Server Start At Port 3001","timestamp":"2022-02-08 03:09:38"}
{"level":"info","message":"undefined - API Server Start At Port 3001","timestamp":"2022-02-08 03:10:29"}
{"level":"info","message":"undefined - API Server Start At Port 3001","timestamp":"2022-02-08 03:11:37"}
{"level":"info","message":"undefined - API Server Start At Port 3001","timestamp":"2022-02-08 03:13:04"}
{"level":"info","message":"undefined - API Server Start At Port 3001","timestamp":"2022-02-08 03:13:29"}
{"level":"info","message":"undefined - API Server Start At Port 3001","timestamp":"2022-02-08 03:20:00"}
{"level":"error","message":"findProvider error\n: object is not iterable (cannot read property Symbol(Symbol.iterator))","timestamp":"2022-02-08 03:20:03"}
{"level":"info","message":"undefined - API Server Start At Port 3001","timestamp":"2022-02-08 03:22:30"}
{"level":"info","message":"undefined - API Server Start At Port 3001","timestamp":"2022-02-08 03:26:15"}
{"level":"error","message":"findProvider error\n: JSON.push is not a function","timestamp":"2022-02-08 03:26:18"}
{"level":"info","message":"undefined - API Server Start At Port 3001","timestamp":"2022-02-08 03:28:05"}
{"level":"error","message":"findProvider error\n: JSON.stringfy is not a function","timestamp":"2022-02-08 03:28:07"}
{"level":"info","message":"undefined - API Server Start At Port 3001","timestamp":"2022-02-08 03:28:42"}
{"level":"info","message":"undefined - API Server Start At Port 3001","timestamp":"2022-02-08 03:58:08"}
{"level":"info","message":"undefined - API Server Start At Port 3001","timestamp":"2022-02-08 04:01:17"}
{"level":"info","message":"undefined - API Server Start At Port 3001","timestamp":"2022-02-08 04:03:02"}
{"level":"error","message":"findProvider error\n: res is not defined","timestamp":"2022-02-08 04:03:04"}
{"level":"info","message":"undefined - API Server Start At Port 3001","timestamp":"2022-02-08 04:05:44"}
{"level":"info","message":"undefined - API Server Start At Port 3001","timestamp":"2022-02-08 04:12:04"}
{"level":"info","message":"undefined - API Server Start At Port 3001","timestamp":"2022-02-08 04:26:01"}
{"level":"info","message":"undefined - API Server Start At Port 3001","timestamp":"2022-02-08 04:26:43"}
{"level":"error","message":"findProvider error\n: matchingAddress is not defined","timestamp":"2022-02-08 04:28:21"}
{"level":"info","message":"undefined - API Server Start At Port 3001","timestamp":"2022-02-08 04:29:03"}
{"level":"info","message":"undefined - API Server Start At Port 3001","timestamp":"2022-02-08 04:29:58"}
{"level":"info","message":"undefined - API Server Start At Port 3001","timestamp":"2022-02-08 04:30:35"}
{"level":"info","message":"undefined - API Server Start At Port 3001","timestamp":"2022-02-08 04:33:18"}
{"level":"info","message":"undefined - API Server Start At Port 3001","timestamp":"2022-02-08 04:34:31"}
{"level":"info","message":"undefined - API Server Start At Port 3001","timestamp":"2022-02-08 04:37:18"}
{"level":"info","message":"undefined - API Server Start At Port 3001","timestamp":"2022-02-08 04:37:50"}
{"level":"info","message":"undefined - API Server Start At Port 3001","timestamp":"2022-02-08 04:38:34"}
{"level":"info","message":"undefined - API Server Start At Port 3001","timestamp":"2022-02-08 04:39:38"}
{"level":"info","message":"undefined - API Server Start At Port 3001","timestamp":"2022-02-08 04:40:05"}
{"level":"info","message":"undefined - API Server Start At Port 3001","timestamp":"2022-02-08 04:40:22"}
{"level":"info","message":"undefined - API Server Start At Port 3001","timestamp":"2022-02-08 04:42:02"}
{"level":"info","message":"undefined - API Server Start At Port 3001","timestamp":"2022-02-08 04:43:16"}
{"level":"info","message":"undefined - API Server Start At Port 3001","timestamp":"2022-02-08 04:43:37"}
{"level":"info","message":"undefined - API Server Start At Port 3001","timestamp":"2022-02-08 04:44:06"}
{"level":"info","message":"undefined - API Server Start At Port 3001","timestamp":"2022-02-08 04:44:21"}
{"level":"info","message":"undefined - API Server Start At Port 3001","timestamp":"2022-02-08 04:44:37"}
{"level":"info","message":"undefined - API Server Start At Port 3001","timestamp":"2022-02-08 04:45:07"}
{"level":"info","message":"undefined - API Server Start At Port 3001","timestamp":"2022-02-08 04:45:19"}
{"level":"info","message":"undefined - API Server Start At Port 3001","timestamp":"2022-02-08 04:45:43"}
{"level":"info","message":"undefined - API Server Start At Port 3001","timestamp":"2022-02-08 10:31:54"}
{"level":"info","message":"undefined - API Server Start At Port 3001","timestamp":"2022-02-08 10:32:45"}
{"level":"info","message":"undefined - API Server Start At Port 3001","timestamp":"2022-02-08 10:35:19"}
{"level":"info","message":"undefined - API Server Start At Port 3001","timestamp":"2022-02-08 10:35:46"}
{"level":"info","message":"undefined - API Server Start At Port 3001","timestamp":"2022-02-08 10:37:37"}
