{"level":"error","message":"App - get nearby signal ON DB error\n: Cannot read properties of undefined (reading 'run')","timestamp":"2023-01-26 11:40:53"}
{"level":"error","message":"App - get nearby signal ON DB error\n: Cannot read properties of undefined (reading 'run')","timestamp":"2023-01-26 11:46:06"}
{"level":"error","message":"App - get nearby signal ON DB error\n: run.getConnection is not a function","timestamp":"2023-01-26 11:48:42"}
{"level":"error","message":"App - get nearby signal ON DB error\n: Cannot read properties of undefined (reading 'run')","timestamp":"2023-01-26 11:50:02"}
{"level":"error","message":"App - get nearby signal ON DB error\n: ORA-28759: failure to open file","timestamp":"2023-01-26 12:45:15"}
{"level":"error","message":"App - get nearby signal ON DB error\n: ORA-28759: failure to open file","timestamp":"2023-01-26 12:51:42"}
{"level":"error","message":"App - get nearby signal ON DB error\n: ORA-28759: failure to open file","timestamp":"2023-01-26 13:00:51"}
{"level":"error","message":"App - get nearby signal ON DB error\n: ORA-28759: failure to open file","timestamp":"2023-01-26 13:05:47"}
{"level":"error","message":"App - get nearby signal ON DB error\n: ORA-28759: failure to open file","timestamp":"2023-01-26 13:24:17"}
{"level":"error","message":"App - get nearby signal ON DB error\n: ORA-28759: failure to open file","timestamp":"2023-01-26 13:27:59"}
{"level":"error","message":"App - get nearby signal ON DB error\n: connection.query is not a function","timestamp":"2023-01-26 13:33:12"}
{"level":"error","message":"App - get nearby signal ON DB error\n: connection.query is not a function","timestamp":"2023-01-26 13:46:43"}
{"level":"error","message":"App - get nearby signal ON DB error\n: ORA-01036: illegal variable name/number","timestamp":"2023-01-26 13:47:12"}
{"level":"error","message":"App - updateLocation Service error\n: pool is not defined","timestamp":"2023-01-26 14:06:32"}
{"level":"error","message":"App - updateLocation Service error\n: pool.getConnection is not a function","timestamp":"2023-01-26 14:07:19"}
{"level":"error","message":"App - updateLocation Service error\n: ORA-01036: illegal variable name/number","timestamp":"2023-01-26 16:01:36"}
{"level":"error","message":"App - updateLocation Service error\n: ORA-01036: illegal variable name/number","timestamp":"2023-01-26 16:31:08"}
{"level":"error","message":"App - updateLocation Service error\n: ORA-01036: illegal variable name/number","timestamp":"2023-01-26 16:32:57"}
{"level":"error","message":"App - updateLocation Service error\n: NJS-037: invalid data type at array index 2 for bind \":latitude\"","timestamp":"2023-01-26 16:41:43"}
{"level":"error","message":"App - updateLocation Service error\n: NJS-037: invalid data type at array index 2 for bind \":latit\"","timestamp":"2023-01-26 16:43:34"}
{"level":"error","message":"App - updateLocation Service error\n: NJS-037: invalid data type at array index 2 for bind \":latit\"","timestamp":"2023-01-26 16:46:48"}
{"level":"error","message":"App - updateLocation Service error\n: NJS-037: invalid data type at array index 2 for bind \":latit\"","timestamp":"2023-01-26 16:47:08"}
{"level":"error","message":"App - updateLocation Service error\n: NJS-037: invalid data type at array index 2 for bind \":latit\"","timestamp":"2023-01-26 16:50:03"}
{"level":"error","message":"App - updateLocation Service error\n: ORA-00933: SQL command not properly ended","timestamp":"2023-01-26 16:51:18"}
{"level":"error","message":"App - updateLocation Service error\n: Params is not defined","timestamp":"2023-01-26 16:52:56"}
{"level":"error","message":"App - updateLocation Service error\n: ORA-00933: SQL command not properly ended","timestamp":"2023-01-26 16:53:42"}
{"level":"error","message":"App - updateLocation Service error\n: ORA-00942: table or view does not exist","timestamp":"2023-01-26 16:54:09"}
{"level":"error","message":"App - updateLocation Service error\n: (intermediate value) is not iterable","timestamp":"2023-01-26 17:38:18"}
{"level":"error","message":"App - updateLocation Service error\n: (intermediate value) is not iterable","timestamp":"2023-01-26 17:41:09"}
{"level":"error","message":"App - updateLocation Service error\n: (intermediate value) is not iterable","timestamp":"2023-01-26 17:41:46"}
{"level":"error","message":"App - updateLocation Service error\n: userIdx is not defined","timestamp":"2023-01-26 17:45:00"}
{"level":"error","message":"App - updateLocation Service error\n: (intermediate value) is not iterable","timestamp":"2023-01-26 17:45:36"}
{"level":"error","message":"App - updateLocation Service error\n: (intermediate value) is not iterable","timestamp":"2023-01-26 17:46:08"}
{"level":"error","message":"App - updateLocation Service error\n: (intermediate value) is not iterable","timestamp":"2023-01-26 17:52:41"}
{"level":"error","message":"App - updateLocation Service error\n: (intermediate value) is not iterable","timestamp":"2023-01-26 17:54:31"}
{"level":"error","message":"App - updateLocation Service error\n: ORA-01036: illegal variable name/number","timestamp":"2023-01-26 17:55:09"}
{"level":"error","message":"App - updateLocation Service error\n: ORA-01036: illegal variable name/number","timestamp":"2023-01-26 17:56:50"}
{"level":"error","message":"App - updateLocation Service error\n: ORA-01484: arrays can only be bound to PL/SQL statements","timestamp":"2023-01-26 17:57:13"}
{"level":"error","message":"App - updateLocation Service error\n: (intermediate value) is not iterable","timestamp":"2023-01-26 17:57:28"}
{"level":"error","message":"App - updateLocation Service error\n: NJS-005: invalid value for parameter 2","timestamp":"2023-01-26 17:58:55"}
{"level":"error","message":"App - updateLocation Service error\n: (intermediate value) is not iterable","timestamp":"2023-01-26 17:59:20"}
{"level":"error","message":"App - updateLocation Service error\n: (intermediate value) is not iterable","timestamp":"2023-01-26 18:00:24"}
{"level":"error","message":"App - updateLocation Service error\n: ORA-01484: arrays can only be bound to PL/SQL statements","timestamp":"2023-01-26 18:03:29"}
{"level":"error","message":"App - updateLocation Service error\n: (intermediate value) is not iterable","timestamp":"2023-01-26 18:03:45"}
{"level":"error","message":"App - updateLocation Service error\n: ORA-01036: illegal variable name/number","timestamp":"2023-01-26 18:04:52"}
{"level":"error","message":"App - updateLocation Service error\n: (intermediate value) is not iterable","timestamp":"2023-01-26 18:06:25"}
{"level":"error","message":"App - updateLocation Service error\n: (intermediate value) is not iterable","timestamp":"2023-01-26 18:06:47"}
{"level":"error","message":"App - updateLocation Service error\n: (intermediate value) is not iterable","timestamp":"2023-01-26 18:07:18"}
{"level":"error","message":"App - updateLocation Service error\n: NJS-005: invalid value for parameter 2","timestamp":"2023-01-26 18:11:06"}
{"level":"error","message":"App - updateLocation Service error\n: (intermediate value) is not iterable","timestamp":"2023-01-26 18:11:25"}
