2023-02-04 17:13:43 error: App - get nearby signal ON DB error
: signalOnUser is not defined
2023-02-04 17:15:09 error: App - get nearby signal ON DB error
: NJS-005: invalid value for parameter 2
2023-02-04 19:49:12 error: App - get nearby signal ON DB error
: result is not defined
2023-02-04 19:49:46 error: App - get nearby signal ON DB error
: Cannot read properties of undefined (reading 'userIdx')
2023-02-04 19:50:38 error: App - get nearby signal ON DB error
: Cannot read properties of undefined (reading 'userIdx')
2023-02-04 19:51:19 error: App - get nearby signal ON DB error
: Cannot read properties of undefined (reading 'userIdx')
2023-02-04 19:54:06 error: App - get nearby signal ON DB error
: Cannot read properties of undefined (reading 'userIdx')
2023-02-04 19:54:25 error: App - get nearby signal ON DB error
: Cannot read properties of undefined (reading 'userIdx')
2023-02-04 19:54:52 error: App - get nearby signal ON DB error
: Cannot read properties of undefined (reading 'userIdx')
2023-02-04 19:55:14 error: App - get nearby signal ON DB error
: Cannot read properties of undefined (reading 'userIdx')
2023-02-04 19:55:31 error: App - get nearby signal ON DB error
: Cannot read properties of undefined (reading 'userIdx')
2023-02-04 20:28:50 error: App - get nearby signal ON DB error
: Cannot read properties of undefined (reading 'userIdx')
2023-02-04 20:29:13 error: App - get nearby signal ON DB error
: Cannot read properties of undefined (reading 'userIdx')
