2023-02-04 17:13:21 info: undefined - API Server Start At Port 3001
2023-02-04 17:13:43 error: App - get nearby signal ON DB error
: signalOnUser is not defined
2023-02-04 17:15:09 error: App - get nearby signal ON DB error
: NJS-005: invalid value for parameter 2
2023-02-04 17:18:08 info: [object Object]
2023-02-04 17:19:16 info: undefined
2023-02-04 17:32:03 info: undefined
2023-02-04 17:35:16 info: undefined
2023-02-04 17:35:47 info: undefined
2023-02-04 17:39:17 info: {"metaData":[{"name":"LATITUDE"},{"name":"LONGITUDE"}],"rows":[[2,2]]}
2023-02-04 17:45:42 info: {"metaData":[{"name":"LATITUDE"},{"name":"LONGITUDE"}],"rows":[[2,2]]}
2023-02-04 17:47:13 info: {"metaData":[{"name":"LATITUDE"},{"name":"LONGITUDE"}],"rows":[[1,1]]}
2023-02-04 17:48:10 info: {"metaData":[{"name":"LATITUDE"},{"name":"LONGITUDE"}],"rows":[[2,2]]}
2023-02-04 17:48:29 info: signalOnUsers: [object Object],[object Object],[object Object]
2023-02-04 17:49:36 info: siganlOnUserLocation : [object Object]
2023-02-04 17:50:24 info: siganlOnUserLocation : 1
2023-02-04 17:51:31 info: siganlOnUserLocation : 1
2023-02-04 17:53:21 info: siganlOnUserLocation : 1
2023-02-04 17:54:26 info: siganlOnUserLocation : 1
2023-02-04 17:54:26 info: siganlOnUserLocation : 2
2023-02-04 17:54:26 info: siganlOnUserLocation : 3
2023-02-04 17:54:26 info: siganlOnUsersLocation : [object Object]
2023-02-04 17:55:51 info: siganlOnUserLocation : 1
2023-02-04 17:55:51 info: siganlOnUserLocation : 2
2023-02-04 17:55:51 info: siganlOnUserLocation : 3
2023-02-04 17:55:51 info: siganlOnUsersLocation in calculate : [object Object]
2023-02-04 17:59:21 info: siganlOnUserLocation : 1
2023-02-04 17:59:21 info: siganlOnUserLocation : 2
2023-02-04 17:59:21 info: siganlOnUserLocation : 3
2023-02-04 18:00:27 info: siganlOnUserLocation : 1
2023-02-04 18:00:27 info: siganlOnUserLocation : 2
2023-02-04 18:00:27 info: siganlOnUserLocation : 3
2023-02-04 18:01:57 info: siganlOnUserLocation : 1
2023-02-04 18:01:57 info: siganlOnUserLocation : 2
2023-02-04 18:01:57 info: siganlOnUserLocation : 3
2023-02-04 18:03:59 info: siganlOnUserLocation : {"metaData":[{"name":"LATITUDE"},{"name":"LONGITUDE"}],"rows":[[1,1]]}
2023-02-04 18:05:19 info: siganlOnUserLocation : undefined
2023-02-04 18:06:24 info: siganlOnUserLocation : undefined
2023-02-04 18:12:19 info: siganlOnUserLocation : 1,1
2023-02-04 18:13:27 info: siganlOnUserLocation : 1,1
2023-02-04 18:13:27 info: distance result : NaN
2023-02-04 18:13:27 info: distanceBetweenUsers : NaN
2023-02-04 18:13:27 info: siganlOnUserLocation : 11,112
2023-02-04 18:13:27 info: distance result : NaN
2023-02-04 18:13:27 info: distanceBetweenUsers : NaN
2023-02-04 18:13:27 info: siganlOnUserLocation : 
2023-02-04 18:13:27 info: distance result : NaN
2023-02-04 18:13:27 info: distanceBetweenUsers : NaN
2023-02-04 18:15:18 info: siganlOnUserLocation : 1,1
2023-02-04 18:15:18 info: distance result : NaN
2023-02-04 18:15:18 info: distanceBetweenUsers : NaN
2023-02-04 18:15:18 info: siganlOnUserLocation : 11,112
2023-02-04 18:15:18 info: distance result : NaN
2023-02-04 18:15:18 info: distanceBetweenUsers : NaN
2023-02-04 18:15:18 info: siganlOnUserLocation : 
2023-02-04 18:15:18 info: distance result : NaN
2023-02-04 18:15:18 info: distanceBetweenUsers : NaN
2023-02-04 18:17:55 info: siganlOnUserLocation : 1,1
2023-02-04 18:17:55 info: distance result : NaN
2023-02-04 18:17:55 info: distanceBetweenUsers : NaN
2023-02-04 18:17:55 info: siganlOnUserLocation : 11,112
2023-02-04 18:17:55 info: distance result : NaN
2023-02-04 18:17:55 info: distanceBetweenUsers : NaN
2023-02-04 18:17:55 info: siganlOnUserLocation : 
2023-02-04 18:17:55 info: distance result : NaN
2023-02-04 18:17:55 info: distanceBetweenUsers : NaN
2023-02-04 18:21:55 info: siganlOnUserLocation : 1,1
2023-02-04 18:21:55 info: distance result : NaN
2023-02-04 18:21:55 info: distanceBetweenUsers : NaN
2023-02-04 18:21:55 info: siganlOnUserLocation : 11,112
2023-02-04 18:21:55 info: distance result : NaN
2023-02-04 18:21:55 info: distanceBetweenUsers : NaN
2023-02-04 18:21:55 info: siganlOnUserLocation : 
2023-02-04 18:21:55 info: distance result : NaN
2023-02-04 18:21:55 info: distanceBetweenUsers : NaN
2023-02-04 18:23:09 info: siganlOnUserLocation : 2,2
2023-02-04 18:23:09 info: row 0 : 2,2
2023-02-04 18:23:09 info: distance result : NaN
2023-02-04 18:23:09 info: distanceBetweenUsers : NaN
2023-02-04 18:23:09 info: siganlOnUserLocation : 11,112
2023-02-04 18:23:09 info: row 0 : 2,2
2023-02-04 18:23:09 info: distance result : NaN
2023-02-04 18:23:09 info: distanceBetweenUsers : NaN
2023-02-04 18:23:09 info: siganlOnUserLocation : 
2023-02-04 18:23:09 info: row 0 : 2,2
2023-02-04 18:23:09 info: distance result : NaN
2023-02-04 18:23:09 info: distanceBetweenUsers : NaN
2023-02-04 18:23:39 info: siganlOnUserLocation : 2,2
2023-02-04 18:23:39 info: row 0 : 2,2
2023-02-04 18:23:39 info: distance result : NaN
2023-02-04 18:23:39 info: distanceBetweenUsers : NaN
2023-02-04 18:23:39 info: siganlOnUserLocation : 11,112
2023-02-04 18:23:39 info: row 0 : 2,2
2023-02-04 18:23:39 info: distance result : NaN
2023-02-04 18:23:39 info: distanceBetweenUsers : NaN
2023-02-04 18:23:39 info: siganlOnUserLocation : 
2023-02-04 18:23:39 info: row 0 : 2,2
2023-02-04 18:23:39 info: distance result : NaN
2023-02-04 18:23:39 info: distanceBetweenUsers : NaN
2023-02-04 18:24:38 info: siganlOnUserLocation : 1,1
2023-02-04 18:24:38 info: row 0 : 1,1
2023-02-04 18:24:38 info: distance result : NaN
2023-02-04 18:24:38 info: distanceBetweenUsers : NaN
2023-02-04 18:24:38 info: siganlOnUserLocation : 11,112
2023-02-04 18:24:38 info: row 0 : 1,1
2023-02-04 18:24:38 info: distance result : NaN
2023-02-04 18:24:38 info: distanceBetweenUsers : NaN
2023-02-04 18:24:38 info: siganlOnUserLocation : 
2023-02-04 18:24:38 info: row 0 : 1,1
2023-02-04 18:24:38 info: distance result : NaN
2023-02-04 18:24:38 info: distanceBetweenUsers : NaN
2023-02-04 18:26:24 info: siganlOnUserLocation : 2,2
2023-02-04 18:26:48 info: siganlOnUserLocation : 2,2
2023-02-04 18:26:48 info: row 0 : 2,2
2023-02-04 18:26:48 info: distance result : NaN
2023-02-04 18:26:48 info: distanceBetweenUsers : NaN
2023-02-04 18:26:48 info: siganlOnUserLocation : 11,112
2023-02-04 18:26:48 info: row 0 : 2,2
2023-02-04 18:26:48 info: distance result : NaN
2023-02-04 18:26:48 info: distanceBetweenUsers : NaN
2023-02-04 18:26:48 info: siganlOnUserLocation : 
2023-02-04 18:26:48 info: row 0 : 2,2
2023-02-04 18:26:48 info: distance result : NaN
2023-02-04 18:26:48 info: distanceBetweenUsers : NaN
2023-02-04 18:27:55 info: siganlOnUserLocation : 1,1
2023-02-04 18:28:12 info: siganlOnUserLocation : 2,2
2023-02-04 18:28:12 info: row 0 : metaData,[object Object],[object Object],rows,2,2
2023-02-04 18:28:12 info: distance result : NaN
2023-02-04 18:28:12 info: distanceBetweenUsers : NaN
2023-02-04 18:28:12 info: siganlOnUserLocation : 11,112
2023-02-04 18:28:12 info: row 0 : metaData,[object Object],[object Object],rows,2,2
2023-02-04 18:28:12 info: distance result : NaN
2023-02-04 18:28:12 info: distanceBetweenUsers : NaN
2023-02-04 18:28:12 info: siganlOnUserLocation : 
2023-02-04 18:28:12 info: row 0 : metaData,[object Object],[object Object],rows,2,2
2023-02-04 18:28:12 info: distance result : NaN
2023-02-04 18:28:12 info: distanceBetweenUsers : NaN
2023-02-04 18:28:42 info: siganlOnUserLocation : 2,2
2023-02-04 18:28:42 info: row 0 : undefined
2023-02-04 18:28:42 info: distance result : NaN
2023-02-04 18:28:42 info: distanceBetweenUsers : NaN
2023-02-04 18:28:42 info: siganlOnUserLocation : 11,112
2023-02-04 18:28:42 info: row 0 : undefined
2023-02-04 18:28:42 info: distance result : NaN
2023-02-04 18:28:42 info: distanceBetweenUsers : NaN
2023-02-04 18:28:42 info: siganlOnUserLocation : 
2023-02-04 18:28:42 info: row 0 : undefined
2023-02-04 18:28:42 info: distance result : NaN
2023-02-04 18:28:42 info: distanceBetweenUsers : NaN
2023-02-04 18:29:47 info: siganlOnUserLocation : 1,1
2023-02-04 18:31:41 info: siganlOnUserLocation : 1,1
2023-02-04 18:31:41 info: row 0 : [object Object],[object Object],2,2
2023-02-04 18:31:41 info: distance result : NaN
2023-02-04 18:31:41 info: distanceBetweenUsers : NaN
2023-02-04 18:31:41 info: siganlOnUserLocation : 11,112
2023-02-04 18:31:41 info: row 0 : [object Object],[object Object],2,2
2023-02-04 18:31:41 info: distance result : NaN
2023-02-04 18:31:41 info: distanceBetweenUsers : NaN
2023-02-04 18:31:41 info: siganlOnUserLocation : 
2023-02-04 18:31:41 info: row 0 : [object Object],[object Object],2,2
2023-02-04 18:31:41 info: distance result : NaN
2023-02-04 18:31:41 info: distanceBetweenUsers : NaN
2023-02-04 18:32:18 info: siganlOnUserLocation : 2,2
2023-02-04 18:32:18 info: row 0 : undefined
2023-02-04 18:32:18 info: distance result : NaN
2023-02-04 18:32:18 info: distanceBetweenUsers : NaN
2023-02-04 18:32:18 info: siganlOnUserLocation : 11,112
2023-02-04 18:32:18 info: row 0 : undefined
2023-02-04 18:32:18 info: distance result : NaN
2023-02-04 18:32:18 info: distanceBetweenUsers : NaN
2023-02-04 18:32:18 info: siganlOnUserLocation : 
2023-02-04 18:32:18 info: row 0 : undefined
2023-02-04 18:32:18 info: distance result : NaN
2023-02-04 18:32:18 info: distanceBetweenUsers : NaN
2023-02-04 18:32:50 info: siganlOnUserLocation : 2,2
2023-02-04 18:32:50 info: row 0 : undefined
2023-02-04 18:32:50 info: distance result : NaN
2023-02-04 18:32:50 info: distanceBetweenUsers : NaN
2023-02-04 18:32:50 info: siganlOnUserLocation : 11,112
2023-02-04 18:32:50 info: row 0 : undefined
2023-02-04 18:32:50 info: distance result : NaN
2023-02-04 18:32:50 info: distanceBetweenUsers : NaN
2023-02-04 18:32:50 info: siganlOnUserLocation : 
2023-02-04 18:32:50 info: row 0 : undefined
2023-02-04 18:32:50 info: distance result : NaN
2023-02-04 18:32:50 info: distanceBetweenUsers : NaN
2023-02-04 18:34:04 info: siganlOnUserLocation : 1,1
2023-02-04 18:34:04 info: distance result : NaN
2023-02-04 18:34:04 info: distanceBetweenUsers : NaN
2023-02-04 18:34:04 info: siganlOnUserLocation : 11,112
2023-02-04 18:34:04 info: distance result : NaN
2023-02-04 18:34:04 info: distanceBetweenUsers : NaN
2023-02-04 18:34:04 info: siganlOnUserLocation : 
2023-02-04 18:34:04 info: distance result : NaN
2023-02-04 18:34:04 info: distanceBetweenUsers : NaN
2023-02-04 18:35:21 info: siganlOnUserLocation : 2,2
2023-02-04 18:35:21 info: row 0 : 2,2
2023-02-04 18:35:21 info: distance result : NaN
2023-02-04 18:35:21 info: distanceBetweenUsers : NaN
2023-02-04 18:35:21 info: siganlOnUserLocation : 11,112
2023-02-04 18:35:21 info: row 0 : 2,2
2023-02-04 18:35:21 info: distance result : NaN
2023-02-04 18:35:21 info: distanceBetweenUsers : NaN
2023-02-04 18:35:21 info: siganlOnUserLocation : 
2023-02-04 18:35:21 info: row 0 : 2,2
2023-02-04 18:35:21 info: distance result : NaN
2023-02-04 18:35:21 info: distanceBetweenUsers : NaN
2023-02-04 18:35:57 info: siganlOnUserLocation : 1,1
2023-02-04 18:35:57 info: row 0 : 2,2
2023-02-04 18:35:57 info: distance result : NaN
2023-02-04 18:35:57 info: distanceBetweenUsers : NaN
2023-02-04 18:35:57 info: siganlOnUserLocation : 11,112
2023-02-04 18:35:57 info: row 0 : 2,2
2023-02-04 18:35:57 info: distance result : NaN
2023-02-04 18:35:57 info: distanceBetweenUsers : NaN
2023-02-04 18:35:57 info: siganlOnUserLocation : 
2023-02-04 18:35:57 info: row 0 : 2,2
2023-02-04 18:35:57 info: distance result : NaN
2023-02-04 18:35:57 info: distanceBetweenUsers : NaN
2023-02-04 18:36:17 info: siganlOnUserLocation : 1,1
2023-02-04 18:36:17 info: row 0 : undefined
2023-02-04 18:36:17 info: distance result : NaN
2023-02-04 18:36:17 info: distanceBetweenUsers : NaN
2023-02-04 18:36:17 info: siganlOnUserLocation : 11,112
2023-02-04 18:36:17 info: row 0 : undefined
2023-02-04 18:36:17 info: distance result : NaN
2023-02-04 18:36:17 info: distanceBetweenUsers : NaN
2023-02-04 18:36:17 info: siganlOnUserLocation : 
2023-02-04 18:36:17 info: row 0 : undefined
2023-02-04 18:36:17 info: distance result : NaN
2023-02-04 18:36:17 info: distanceBetweenUsers : NaN
2023-02-04 18:36:32 info: siganlOnUserLocation : 1,1
2023-02-04 18:36:32 info: row 0 : 2,2
2023-02-04 18:36:32 info: distance result : NaN
2023-02-04 18:36:32 info: distanceBetweenUsers : NaN
2023-02-04 18:36:32 info: siganlOnUserLocation : 11,112
2023-02-04 18:36:32 info: row 0 : 2,2
2023-02-04 18:36:32 info: distance result : NaN
2023-02-04 18:36:32 info: distanceBetweenUsers : NaN
2023-02-04 18:36:32 info: siganlOnUserLocation : 
2023-02-04 18:36:32 info: row 0 : 2,2
2023-02-04 18:36:32 info: distance result : NaN
2023-02-04 18:36:32 info: distanceBetweenUsers : NaN
2023-02-04 18:36:48 info: siganlOnUserLocation : 2,2
2023-02-04 18:36:48 info: row 0 : 2
2023-02-04 18:36:48 info: distance result : NaN
2023-02-04 18:36:48 info: distanceBetweenUsers : NaN
2023-02-04 18:36:48 info: siganlOnUserLocation : 11,112
2023-02-04 18:36:48 info: row 0 : 2
2023-02-04 18:36:48 info: distance result : NaN
2023-02-04 18:36:48 info: distanceBetweenUsers : NaN
2023-02-04 18:36:48 info: siganlOnUserLocation : 
2023-02-04 18:36:48 info: row 0 : 2
2023-02-04 18:36:48 info: distance result : NaN
2023-02-04 18:36:48 info: distanceBetweenUsers : NaN
2023-02-04 18:37:25 info: siganlOnUserLocation : 2,2
2023-02-04 18:37:25 info: row 0 : 2
2023-02-04 18:37:25 info: distance result : NaN
2023-02-04 18:37:25 info: distanceBetweenUsers : NaN
2023-02-04 18:37:25 info: siganlOnUserLocation : 11,112
2023-02-04 18:37:25 info: row 0 : 2
2023-02-04 18:37:25 info: distance result : NaN
2023-02-04 18:37:25 info: distanceBetweenUsers : NaN
2023-02-04 18:37:25 info: siganlOnUserLocation : 
2023-02-04 18:37:25 info: row 0 : 2
2023-02-04 18:37:25 info: distance result : NaN
2023-02-04 18:37:25 info: distanceBetweenUsers : NaN
2023-02-04 18:38:00 info: siganlOnUserLocation : 1,1
2023-02-04 18:38:00 info: distance result : NaN
2023-02-04 18:38:00 info: distanceBetweenUsers : NaN
2023-02-04 18:38:00 info: siganlOnUserLocation : 11,112
2023-02-04 18:38:00 info: distance result : NaN
2023-02-04 18:38:00 info: distanceBetweenUsers : NaN
2023-02-04 18:38:00 info: siganlOnUserLocation : 
2023-02-04 18:38:00 info: distance result : NaN
2023-02-04 18:38:00 info: distanceBetweenUsers : NaN
2023-02-04 18:38:55 info: siganlOnUserLocation : 1,1
2023-02-04 18:38:55 info: Object a : [object Object]
2023-02-04 18:38:55 info: distance result : NaN
2023-02-04 18:38:55 info: distanceBetweenUsers : NaN
2023-02-04 18:38:55 info: siganlOnUserLocation : 11,112
2023-02-04 18:38:55 info: Object a : [object Object]
2023-02-04 18:38:55 info: distance result : NaN
2023-02-04 18:38:55 info: distanceBetweenUsers : NaN
2023-02-04 18:38:55 info: siganlOnUserLocation : 
2023-02-04 18:38:55 info: Object a : [object Object]
2023-02-04 18:38:55 info: distance result : NaN
2023-02-04 18:38:55 info: distanceBetweenUsers : NaN
2023-02-04 18:39:11 info: siganlOnUserLocation : 2,2
2023-02-04 18:39:11 info: Object a : 2,2
2023-02-04 18:39:11 info: distance result : NaN
2023-02-04 18:39:11 info: distanceBetweenUsers : NaN
2023-02-04 18:39:11 info: siganlOnUserLocation : 11,112
2023-02-04 18:39:11 info: Object a : 2,2
2023-02-04 18:39:11 info: distance result : NaN
2023-02-04 18:39:11 info: distanceBetweenUsers : NaN
2023-02-04 18:39:11 info: siganlOnUserLocation : 
2023-02-04 18:39:11 info: Object a : 2,2
2023-02-04 18:39:11 info: distance result : NaN
2023-02-04 18:39:11 info: distanceBetweenUsers : NaN
2023-02-04 18:39:44 info: siganlOnUserLocation : 2,2
2023-02-04 18:39:44 info: Object a : undefined
2023-02-04 18:39:44 info: distance result : NaN
2023-02-04 18:39:44 info: distanceBetweenUsers : NaN
2023-02-04 18:39:44 info: siganlOnUserLocation : 11,112
2023-02-04 18:39:44 info: Object a : undefined
2023-02-04 18:39:44 info: distance result : NaN
2023-02-04 18:39:44 info: distanceBetweenUsers : NaN
2023-02-04 18:39:44 info: siganlOnUserLocation : 
2023-02-04 18:39:44 info: Object a : undefined
2023-02-04 18:39:44 info: distance result : NaN
2023-02-04 18:39:44 info: distanceBetweenUsers : NaN
2023-02-04 18:41:31 info: siganlOnUserLocation : 2,2
2023-02-04 18:42:06 info: siganlOnUserLocation : 2,2
2023-02-04 18:42:35 info: siganlOnUserLocation : 2,2
2023-02-04 18:42:35 info: row 0 : 2
2023-02-04 18:42:35 info: distance result : NaN
2023-02-04 18:42:35 info: distanceBetweenUsers : NaN
2023-02-04 18:42:35 info: siganlOnUserLocation : 11,112
2023-02-04 18:42:35 info: row 0 : 2
2023-02-04 18:42:35 info: distance result : NaN
2023-02-04 18:42:35 info: distanceBetweenUsers : NaN
2023-02-04 18:42:35 info: siganlOnUserLocation : 
2023-02-04 18:42:35 info: row 0 : 2
2023-02-04 18:42:35 info: distance result : NaN
2023-02-04 18:42:35 info: distanceBetweenUsers : NaN
2023-02-04 18:42:51 info: siganlOnUserLocation : 2,2
2023-02-04 18:43:52 info: siganlOnUserLocation : 1,1
2023-02-04 18:43:52 info: a latitude : 2
2023-02-04 18:43:52 info: distance result : NaN
2023-02-04 18:43:52 info: distanceBetweenUsers : NaN
2023-02-04 18:43:52 info: siganlOnUserLocation : 11,112
2023-02-04 18:43:52 info: a latitude : 2
2023-02-04 18:43:52 info: distance result : NaN
2023-02-04 18:43:52 info: distanceBetweenUsers : NaN
2023-02-04 18:43:52 info: siganlOnUserLocation : 
2023-02-04 18:43:52 info: a latitude : 2
2023-02-04 18:43:52 info: distance result : NaN
2023-02-04 18:43:52 info: distanceBetweenUsers : NaN
2023-02-04 18:44:47 info: siganlOnUserLocation : 1,1
2023-02-04 18:44:47 info: distance result : 0
2023-02-04 18:44:47 info: distanceBetweenUsers : 0
2023-02-04 18:44:48 info: siganlOnUserLocation : 11,112
2023-02-04 18:44:48 info: distance result : 12274.75093342081
2023-02-04 18:44:48 info: distanceBetweenUsers : 12274.75093342081
2023-02-04 18:44:48 info: siganlOnUserLocation : 
2023-02-04 18:46:32 info: siganlOnUserLocation : 1,1
2023-02-04 18:46:32 info: distance result : 157.22543203807288
2023-02-04 18:46:32 info: distanceBetweenUsers : 157.22543203807288
2023-02-04 18:46:32 info: siganlOnUserLocation : 11,112
2023-02-04 18:46:32 info: distance result : 12142.526223375111
2023-02-04 18:46:32 info: distanceBetweenUsers : 12142.526223375111
2023-02-04 18:46:32 info: siganlOnUserLocation : 
2023-02-04 18:48:57 info: distance result : 0
2023-02-04 18:48:57 info: NULL
2023-02-04 18:48:57 info: distance result : 12142.526223375111
2023-02-04 18:48:57 info: NULL
2023-02-04 18:54:57 info: distance result : 13817.907807483041
2023-02-04 18:54:57 info: NULL
2023-02-04 18:54:57 info: distance result : 9064.179941428967
2023-02-04 18:54:57 info: NULL
2023-02-04 18:54:57 info: distance result : 686.9775362640886
2023-02-04 18:54:57 info: NULL
2023-02-04 18:56:17 info: distance result : 0
2023-02-04 18:56:17 info: NULL
2023-02-04 18:56:17 info: distance result : 12142.526223375111
2023-02-04 18:56:17 info: NULL
2023-02-04 18:56:17 info: distance result : 13405.605714973946
2023-02-04 18:56:17 info: NULL
2023-02-04 18:56:41 info: distance result : 157.22543203807288
2023-02-04 18:56:41 info: NULL
2023-02-04 18:56:41 info: distance result : 12142.526223375111
2023-02-04 18:56:41 info: NULL
2023-02-04 18:56:41 info: distance result : 13405.605714973946
2023-02-04 18:56:41 info: NULL
